[1/8] Building C object CMakeFiles/app.dir/src/main.c.obj
FAILED: CMakeFiles/app.dir/src/main.c.obj 
D:\workspace\upython\evm-tools\gcc-arm-none-eabi-9-2019-q4-major-win32\bin\arm-none-eabi-gcc.exe -DBUILD_VERSION=zephyr-v2.2.0-1974-g4d7d3a25c127 -DCONFIG_EVM_ADC -DCONFIG_EVM_DAC -DCONFIG_EVM_FLASH -DCONFIG_EVM_GPIO -DCONFIG_EVM_LCD -DCONFIG_EVM_LED -DCONFIG_EVM_SWITCH -DCONFIG_EVM_TIMER -DCONFIG_EVM_UART -DCONFIG_EVM_WATCHDOG -DCORE_CM4 -DEVM_LANG_ENABLE_EXECUTABLE -DEVM_LANG_ENABLE_JAVASCRIPT -DEVM_LANG_ENABLE_REPL -DEVM_LANG_ENABLE_UOL -DKERNEL -DQMAKE_TARGET=\"ejs\" -DQMAKE_VERSION=\"1.0\" -DSTM32L432xx -DUSE_FULL_LL_DRIVER -DUSE_HAL_DRIVER -D_FORTIFY_SOURCE=2 -D__LINUX_ERRNO_EXTENSIONS__ -D__PROGRAM_START -D__ZEPHYR__=1 -ID:/workspace/upython/evm_publish_final/bsp/stm32/bearpi_stm32l431/app -ID:/workspace/upython/evm_publish_final/bsp/stm32/bearpi_stm32l431/PRIVATE -ID:/workspace/upython/evm_publish_final/components/zephyr-rtos/zephyr/../../../include -ID:/workspace/upython/evm_publish_final/components/zephyr-rtos/zephyr/../../../ejs -ID:/workspace/upython/evm_publish_final/bsp/stm32/bearpi_stm32l431/src -ID:/workspace/upython/evm_publish_final/components/zephyr-rtos/zephyr/include -Izephyr/include/generated -ID:/workspace/upython/evm_publish_final/bsp/stm32/bearpi_stm32l431/soc/arm/st_stm32/stm32l4 -ID:/workspace/upython/evm_publish_final/components/zephyr-rtos/zephyr/lib/libc/newlib/include -ID:/workspace/upython/evm_publish_final/components/zephyr-rtos/zephyr/drivers -ID:/workspace/upython/evm_publish_final/components/zephyr-rtos/modules/hal/cmsis/CMSIS/Core/Include -ID:/workspace/upython/evm_publish_final/components/zephyr-rtos/modules/hal/stm32/stm32cube/stm32l4xx/soc -ID:/workspace/upython/evm_publish_final/components/zephyr-rtos/modules/hal/stm32/stm32cube/stm32l4xx/drivers/include -ID:/workspace/upython/evm_publish_final/components/zephyr-rtos/modules/hal/stm32/stm32cube/stm32l4xx/drivers/include/Legacy -Os -imacrosD:/workspace/upython/evm_publish_final/build/zephyr/include/generated/autoconf.h -ffreestanding -fno-common -g -mcpu=cortex-m4 -mthumb -mabi=aapcs -imacrosD:/workspace/upython/evm_publish_final/components/zephyr-rtos/zephyr/include/toolchain/zephyr_stdint.h -Wall -Wformat -Wformat-security -Wno-format-zero-length -Wno-main -Wno-address-of-packed-member -Wno-pointer-sign -Wpointer-arith -Wno-unused-but-set-variable -Werror=implicit-int -fno-asynchronous-unwind-tables -fno-pie -fno-pic -fno-strict-overflow -fno-reorder-functions -fno-defer-pop -fmacro-prefix-map=D:/workspace/upython/evm_publish_final/bsp/stm32/bearpi_stm32l431=CMAKE_SOURCE_DIR -fmacro-prefix-map=D:/workspace/upython/evm_publish_final/components/zephyr-rtos/zephyr=ZEPHYR_BASE -fmacro-prefix-map=D:/workspace/upython/evm_publish_final/components/zephyr-rtos=WEST_TOPDIR -ffunction-sections -fdata-sections -specs=nano.specs -std=c99 -MD -MT CMakeFiles/app.dir/src/main.c.obj -MF CMakeFiles\app.dir\src\main.c.obj.d -o CMakeFiles/app.dir/src/main.c.obj   -c D:/workspace/upython/evm_publish_final/bsp/stm32/bearpi_stm32l431/src/main.c
D:/workspace/upython/evm_publish_final/bsp/stm32/bearpi_stm32l431/src/main.c:4:10: fatal error: driver/uart.h: No such file or directory
    4 | #include "driver/uart.h"
      |          ^~~~~~~~~~~~~~~
compilation terminated.
ninja: build stopped: subcommand failed.
